2023-07-02 00:05:50 [http-nio-8082-exec-1] INFO  : user admin found with privileges [admin]
2023-07-02 00:05:50 [http-nio-8082-exec-1] INFO  : PostController::getPost : modest
2023-07-02 00:05:50 [http-nio-8082-exec-10] INFO  : user admin found with privileges [admin]
2023-07-02 00:05:50 [http-nio-8082-exec-10] INFO  : PostController::getPost : modest
2023-07-02 00:42:20 [http-nio-8082-exec-6] INFO  : user admin found with privileges [admin]
2023-07-02 00:42:20 [http-nio-8082-exec-6] INFO  : PostController::getPost : modest
2023-07-02 00:42:20 [http-nio-8082-exec-5] INFO  : user admin found with privileges [admin]
2023-07-02 00:42:20 [http-nio-8082-exec-5] INFO  : PostController::getPost : modest
2023-07-02 00:47:11 [http-nio-8082-exec-10] INFO  : user admin found with privileges [admin]
2023-07-02 00:47:11 [http-nio-8082-exec-10] INFO  : PostController::getPost : modest
2023-07-02 00:47:11 [http-nio-8082-exec-4] INFO  : user admin found with privileges [admin]
2023-07-02 00:47:11 [http-nio-8082-exec-4] INFO  : PostController::getPost : modest
2023-07-02 00:51:52 [http-nio-8082-exec-8] INFO  : user admin found with privileges [admin]
2023-07-02 00:51:52 [http-nio-8082-exec-8] INFO  : PostController::getPost : lorexn_dfsdf
2023-07-02 00:51:52 [http-nio-8082-exec-9] INFO  : user admin found with privileges [admin]
2023-07-02 00:51:52 [http-nio-8082-exec-9] INFO  : PostController::getPost : lorexn_dfsdf
2023-07-02 00:51:56 [http-nio-8082-exec-1] INFO  : user admin found with privileges [admin]
2023-07-02 00:51:56 [http-nio-8082-exec-1] INFO  : PostController::getPost : modest
2023-07-02 00:51:56 [http-nio-8082-exec-10] INFO  : user admin found with privileges [admin]
2023-07-02 00:51:56 [http-nio-8082-exec-10] INFO  : PostController::getPost : modest
2023-07-02 00:52:10 [http-nio-8082-exec-3] INFO  : user admin found with privileges [admin]
2023-07-02 00:52:10 [http-nio-8082-exec-6] INFO  : user admin found with privileges [admin]
2023-07-02 00:52:18 [http-nio-8082-exec-1] INFO  : user admin found with privileges [admin]
2023-07-02 00:52:18 [http-nio-8082-exec-10] INFO  : user admin found with privileges [admin]
2023-07-02 00:52:18 [http-nio-8082-exec-4] INFO  : user admin found with privileges [admin]
2023-07-02 00:52:18 [http-nio-8082-exec-2] INFO  : user admin found with privileges [admin]
2023-07-02 00:52:28 [http-nio-8082-exec-6] INFO  : user admin found with privileges [admin]
2023-07-02 00:52:31 [http-nio-8082-exec-5] INFO  : user admin found with privileges [admin]
2023-07-02 00:52:32 [http-nio-8082-exec-8] INFO  : user admin found with privileges [admin]
2023-07-02 00:52:34 [http-nio-8082-exec-9] INFO  : user admin found with privileges [admin]
2023-07-02 00:52:35 [http-nio-8082-exec-7] INFO  : user admin found with privileges [admin]
2023-07-02 00:52:42 [http-nio-8082-exec-4] INFO  : user admin found with privileges [admin]
2023-07-02 00:52:42 [http-nio-8082-exec-4] INFO  : PostController::getPost : lorexn_dfsdf
2023-07-02 00:52:43 [http-nio-8082-exec-10] INFO  : user admin found with privileges [admin]
2023-07-02 00:52:43 [http-nio-8082-exec-10] INFO  : PostController::getPost : lorexn_dfsdf
2023-07-02 00:53:23 [http-nio-8082-exec-5] INFO  : user admin found with privileges [admin]
2023-07-02 00:53:23 [http-nio-8082-exec-5] INFO  : PostController::getPost : lorexn_dfsdf
2023-07-02 00:53:23 [http-nio-8082-exec-5] INFO  : user admin found with privileges [admin]
2023-07-02 00:53:23 [http-nio-8082-exec-5] INFO  : PostController::getPost : lorexn_dfsdf
2023-07-02 00:55:32 [SpringApplicationShutdownHook] INFO  : Closing JPA EntityManagerFactory for persistence unit 'default'
2023-07-02 00:55:32 [SpringApplicationShutdownHook] INFO  : HikariPool-1 - Shutdown initiated...
2023-07-02 00:55:32 [SpringApplicationShutdownHook] INFO  : HikariPool-1 - Shutdown completed.
2023-07-02 15:37:42 [restartedMain] INFO  : Starting ClientManagerApplication using Java 17.0.7 with PID 22976 (/home/hashicorp/javaguidance.com/spring_template_with_log_and_webpack/target/classes started by hashicorp in /home/hashicorp/javaguidance.com/spring_template_with_log_and_webpack)
2023-07-02 15:37:42 [restartedMain] INFO  : No active profile set, falling back to 1 default profile: "default"
2023-07-02 15:37:42 [restartedMain] INFO  : Devtools property defaults active! Set 'spring.devtools.add-properties' to 'false' to disable
2023-07-02 15:37:42 [restartedMain] INFO  : For additional web related logging consider setting the 'logging.level.web' property to 'DEBUG'
2023-07-02 15:37:43 [restartedMain] INFO  : Bootstrapping Spring Data JPA repositories in DEFAULT mode.
2023-07-02 15:37:43 [restartedMain] INFO  : Finished Spring Data repository scanning in 64 ms. Found 4 JPA repository interfaces.
2023-07-02 15:37:44 [restartedMain] INFO  : Tomcat initialized with port(s): 8082 (http)
2023-07-02 15:37:44 [restartedMain] INFO  : Initializing ProtocolHandler ["http-nio-8082"]
2023-07-02 15:37:44 [restartedMain] INFO  : Starting service [Tomcat]
2023-07-02 15:37:44 [restartedMain] INFO  : Starting Servlet engine: [Apache Tomcat/10.1.7]
2023-07-02 15:37:44 [restartedMain] INFO  : Initializing Spring embedded WebApplicationContext
2023-07-02 15:37:44 [restartedMain] INFO  : Root WebApplicationContext: initialization completed in 1717 ms
2023-07-02 15:37:44 [restartedMain] INFO  : HHH000204: Processing PersistenceUnitInfo [name: default]
2023-07-02 15:37:44 [restartedMain] INFO  : HHH000412: Hibernate ORM core version 6.1.7.Final
2023-07-02 15:37:44 [restartedMain] INFO  : HikariPool-1 - Starting...
2023-07-02 15:37:45 [restartedMain] INFO  : HikariPool-1 - Added connection com.mysql.cj.jdbc.ConnectionImpl@75f0a1f9
2023-07-02 15:37:45 [restartedMain] INFO  : HikariPool-1 - Start completed.
2023-07-02 15:37:45 [restartedMain] INFO  : HHH000400: Using dialect: org.hibernate.dialect.MySQLDialect
2023-07-02 15:37:47 [restartedMain] INFO  : HHH000490: Using JtaPlatform implementation: [org.hibernate.engine.transaction.jta.platform.internal.NoJtaPlatform]
2023-07-02 15:37:47 [restartedMain] INFO  : Initialized JPA EntityManagerFactory for persistence unit 'default'
2023-07-02 15:37:47 [restartedMain] WARN  : spring.jpa.open-in-view is enabled by default. Therefore, database queries may be performed during view rendering. Explicitly configure spring.jpa.open-in-view to disable this warning
2023-07-02 15:37:48 [restartedMain] INFO  : Will secure any request with [org.springframework.security.web.session.DisableEncodeUrlFilter@408b6f0c, org.springframework.security.web.context.request.async.WebAsyncManagerIntegrationFilter@7fa6b61b, org.springframework.security.web.context.SecurityContextHolderFilter@10f6001b, org.springframework.security.web.header.HeaderWriterFilter@4e0f5aaa, org.springframework.web.filter.CorsFilter@5901932, org.springframework.security.web.authentication.logout.LogoutFilter@3fd464e, org.springframework.security.web.authentication.www.BasicAuthenticationFilter@7cc86b45, org.springframework.security.web.savedrequest.RequestCacheAwareFilter@5218d581, org.springframework.security.web.servletapi.SecurityContextHolderAwareRequestFilter@71c6ef9f, org.springframework.security.web.authentication.AnonymousAuthenticationFilter@300e6adf, org.springframework.security.web.access.ExceptionTranslationFilter@2e7fea92, org.springframework.security.web.access.intercept.AuthorizationFilter@209af27e]
2023-07-02 15:37:50 [restartedMain] INFO  : LiveReload server is running on port 35729
2023-07-02 15:37:50 [restartedMain] INFO  : Starting ProtocolHandler ["http-nio-8082"]
2023-07-02 15:37:50 [restartedMain] INFO  : Tomcat started on port(s): 8082 (http) with context path ''
2023-07-02 15:37:50 [restartedMain] INFO  : Started ClientManagerApplication in 8.98 seconds (process running for 9.492)
2023-07-02 15:37:50 [restartedMain] INFO  : Application started
2023-07-02 15:39:18 [http-nio-8082-exec-1] INFO  : Initializing Spring DispatcherServlet 'dispatcherServlet'
2023-07-02 15:39:18 [http-nio-8082-exec-1] INFO  : Initializing Servlet 'dispatcherServlet'
2023-07-02 15:39:18 [http-nio-8082-exec-1] INFO  : Completed initialization in 14 ms
2023-07-02 15:39:19 [http-nio-8082-exec-3] INFO  : user admin found with privileges [admin]
2023-07-02 15:39:19 [http-nio-8082-exec-3] INFO  : PostController::getPost : modest
2023-07-02 15:39:19 [http-nio-8082-exec-4] INFO  : user admin found with privileges [admin]
2023-07-02 15:39:19 [http-nio-8082-exec-4] INFO  : PostController::getPost : modest
2023-07-02 15:44:07 [http-nio-8082-exec-9] INFO  : user admin found with privileges [admin]
2023-07-02 15:44:08 [http-nio-8082-exec-9] INFO  : PostController::getPost : modest
2023-07-02 15:44:08 [http-nio-8082-exec-10] INFO  : user admin found with privileges [admin]
2023-07-02 15:44:08 [http-nio-8082-exec-10] INFO  : PostController::getPost : modest
2023-07-02 15:44:22 [http-nio-8082-exec-3] INFO  : user admin found with privileges [admin]
2023-07-02 15:44:22 [http-nio-8082-exec-3] INFO  : PostController::getPost : modest
2023-07-02 15:44:22 [http-nio-8082-exec-4] INFO  : user admin found with privileges [admin]
2023-07-02 15:44:22 [http-nio-8082-exec-4] INFO  : PostController::getPost : modest
2023-07-02 15:44:42 [http-nio-8082-exec-7] INFO  : user admin found with privileges [admin]
2023-07-02 15:44:42 [http-nio-8082-exec-7] INFO  : PostController::getPost : modest
2023-07-02 15:44:42 [http-nio-8082-exec-8] INFO  : user admin found with privileges [admin]
2023-07-02 15:44:42 [http-nio-8082-exec-8] INFO  : PostController::getPost : modest
2023-07-02 15:45:58 [http-nio-8082-exec-3] INFO  : user admin found with privileges [admin]
2023-07-02 15:45:58 [http-nio-8082-exec-3] INFO  : PostController::getPost : modest
2023-07-02 15:45:59 [http-nio-8082-exec-4] INFO  : user admin found with privileges [admin]
2023-07-02 15:45:59 [http-nio-8082-exec-4] INFO  : PostController::getPost : modest
2023-07-02 15:47:08 [http-nio-8082-exec-9] INFO  : user admin found with privileges [admin]
2023-07-02 15:47:08 [http-nio-8082-exec-9] INFO  : PostController::getPost : modest
2023-07-02 15:47:08 [http-nio-8082-exec-10] INFO  : user admin found with privileges [admin]
2023-07-02 15:47:08 [http-nio-8082-exec-10] INFO  : PostController::getPost : modest
2023-07-02 15:54:51 [SpringApplicationShutdownHook] INFO  : Closing JPA EntityManagerFactory for persistence unit 'default'
2023-07-02 15:54:52 [SpringApplicationShutdownHook] INFO  : HikariPool-1 - Shutdown initiated...
2023-07-02 15:54:52 [SpringApplicationShutdownHook] INFO  : HikariPool-1 - Shutdown completed.
2023-07-02 17:36:27 [restartedMain] INFO  : Starting ClientManagerApplication using Java 17.0.7 with PID 27103 (/home/hashicorp/javaguidance.com/spring_template_with_log_and_webpack/target/classes started by hashicorp in /home/hashicorp/javaguidance.com/spring_template_with_log_and_webpack)
2023-07-02 17:36:27 [restartedMain] INFO  : No active profile set, falling back to 1 default profile: "default"
2023-07-02 17:36:27 [restartedMain] INFO  : Devtools property defaults active! Set 'spring.devtools.add-properties' to 'false' to disable
2023-07-02 17:36:27 [restartedMain] INFO  : For additional web related logging consider setting the 'logging.level.web' property to 'DEBUG'
2023-07-02 17:36:28 [restartedMain] INFO  : Bootstrapping Spring Data JPA repositories in DEFAULT mode.
2023-07-02 17:36:28 [restartedMain] INFO  : Finished Spring Data repository scanning in 66 ms. Found 4 JPA repository interfaces.
2023-07-02 17:36:29 [restartedMain] INFO  : Tomcat initialized with port(s): 8082 (http)
2023-07-02 17:36:29 [restartedMain] INFO  : Initializing ProtocolHandler ["http-nio-8082"]
2023-07-02 17:36:29 [restartedMain] INFO  : Starting service [Tomcat]
2023-07-02 17:36:29 [restartedMain] INFO  : Starting Servlet engine: [Apache Tomcat/10.1.7]
2023-07-02 17:36:29 [restartedMain] INFO  : Initializing Spring embedded WebApplicationContext
2023-07-02 17:36:29 [restartedMain] INFO  : Root WebApplicationContext: initialization completed in 2127 ms
2023-07-02 17:36:29 [restartedMain] INFO  : HHH000204: Processing PersistenceUnitInfo [name: default]
2023-07-02 17:36:29 [restartedMain] INFO  : HHH000412: Hibernate ORM core version 6.1.7.Final
2023-07-02 17:36:30 [restartedMain] INFO  : HikariPool-1 - Starting...
2023-07-02 17:36:30 [restartedMain] INFO  : HikariPool-1 - Added connection com.mysql.cj.jdbc.ConnectionImpl@285380c8
2023-07-02 17:36:30 [restartedMain] INFO  : HikariPool-1 - Start completed.
2023-07-02 17:36:31 [restartedMain] INFO  : HHH000400: Using dialect: org.hibernate.dialect.MySQLDialect
2023-07-02 17:36:32 [restartedMain] INFO  : HHH000490: Using JtaPlatform implementation: [org.hibernate.engine.transaction.jta.platform.internal.NoJtaPlatform]
2023-07-02 17:36:32 [restartedMain] INFO  : Initialized JPA EntityManagerFactory for persistence unit 'default'
2023-07-02 17:36:32 [restartedMain] WARN  : spring.jpa.open-in-view is enabled by default. Therefore, database queries may be performed during view rendering. Explicitly configure spring.jpa.open-in-view to disable this warning
2023-07-02 17:36:33 [restartedMain] INFO  : Will secure any request with [org.springframework.security.web.session.DisableEncodeUrlFilter@15c38eba, org.springframework.security.web.context.request.async.WebAsyncManagerIntegrationFilter@2a4b664e, org.springframework.security.web.context.SecurityContextHolderFilter@6decc952, org.springframework.security.web.header.HeaderWriterFilter@63ab5065, org.springframework.web.filter.CorsFilter@571c50ba, org.springframework.security.web.authentication.logout.LogoutFilter@38a42507, org.springframework.security.web.authentication.www.BasicAuthenticationFilter@459f4501, org.springframework.security.web.savedrequest.RequestCacheAwareFilter@15f55fc, org.springframework.security.web.servletapi.SecurityContextHolderAwareRequestFilter@55f4aa14, org.springframework.security.web.authentication.AnonymousAuthenticationFilter@2ed6298f, org.springframework.security.web.access.ExceptionTranslationFilter@2369e026, org.springframework.security.web.access.intercept.AuthorizationFilter@2ba7357f]
2023-07-02 17:36:34 [restartedMain] INFO  : LiveReload server is running on port 35729
2023-07-02 17:36:34 [restartedMain] INFO  : Starting ProtocolHandler ["http-nio-8082"]
2023-07-02 17:36:34 [restartedMain] INFO  : Tomcat started on port(s): 8082 (http) with context path ''
2023-07-02 17:36:34 [restartedMain] INFO  : Started ClientManagerApplication in 8.09 seconds (process running for 8.772)
2023-07-02 17:36:34 [restartedMain] INFO  : Application started
2023-07-02 17:36:40 [http-nio-8082-exec-1] INFO  : Initializing Spring DispatcherServlet 'dispatcherServlet'
2023-07-02 17:36:40 [http-nio-8082-exec-1] INFO  : Initializing Servlet 'dispatcherServlet'
2023-07-02 17:36:40 [http-nio-8082-exec-1] INFO  : Completed initialization in 4 ms
2023-07-02 17:36:40 [http-nio-8082-exec-3] INFO  : user admin found with privileges [admin]
2023-07-02 17:36:40 [http-nio-8082-exec-3] INFO  : PostController::getPost : modest
2023-07-02 17:36:41 [http-nio-8082-exec-4] INFO  : user admin found with privileges [admin]
2023-07-02 17:36:41 [http-nio-8082-exec-4] INFO  : PostController::getPost : modest
2023-07-02 17:37:45 [http-nio-8082-exec-9] INFO  : user admin found with privileges [admin]
2023-07-02 17:37:45 [http-nio-8082-exec-9] INFO  : PostController::getPost : modest
2023-07-02 17:37:45 [http-nio-8082-exec-10] INFO  : user admin found with privileges [admin]
2023-07-02 17:37:45 [http-nio-8082-exec-10] INFO  : PostController::getPost : modest
2023-07-02 17:41:28 [http-nio-8082-exec-5] INFO  : user admin found with privileges [admin]
2023-07-02 17:41:28 [http-nio-8082-exec-5] INFO  : PostController::getPost : lorexn_dfsdf
2023-07-02 17:41:28 [http-nio-8082-exec-6] INFO  : user admin found with privileges [admin]
2023-07-02 17:41:28 [http-nio-8082-exec-6] INFO  : PostController::getPost : lorexn_dfsdf
2023-07-02 17:47:54 [http-nio-8082-exec-1] INFO  : user admin found with privileges [admin]
2023-07-02 17:47:54 [http-nio-8082-exec-1] INFO  : PostController::getPost : lorexn_dfsdf
2023-07-02 17:47:54 [http-nio-8082-exec-2] INFO  : user admin found with privileges [admin]
2023-07-02 17:47:54 [http-nio-8082-exec-2] INFO  : PostController::getPost : lorexn_dfsdf
2023-07-02 17:58:59 [http-nio-8082-exec-7] INFO  : user admin found with privileges [admin]
2023-07-02 17:58:59 [http-nio-8082-exec-7] INFO  : PostController::getPost : lorexn_dfsdf
2023-07-02 17:58:59 [http-nio-8082-exec-8] INFO  : user admin found with privileges [admin]
2023-07-02 17:58:59 [http-nio-8082-exec-8] INFO  : PostController::getPost : lorexn_dfsdf
2023-07-02 17:59:06 [http-nio-8082-exec-1] INFO  : user admin found with privileges [admin]
2023-07-02 17:59:07 [http-nio-8082-exec-2] INFO  : user admin found with privileges [admin]
2023-07-02 17:59:17 [http-nio-8082-exec-6] INFO  : user admin found with privileges [admin]
2023-07-02 17:59:17 [http-nio-8082-exec-7] INFO  : user admin found with privileges [admin]
2023-07-02 17:59:18 [http-nio-8082-exec-8] INFO  : user admin found with privileges [admin]
2023-07-02 17:59:18 [http-nio-8082-exec-9] INFO  : user admin found with privileges [admin]
2023-07-02 17:59:45 [http-nio-8082-exec-1] INFO  : user admin found with privileges [admin]
2023-07-02 18:00:01 [http-nio-8082-exec-3] INFO  : user admin found with privileges [admin]
2023-07-02 18:00:01 [http-nio-8082-exec-3] INFO  : PostController::getPost : lorexn_dfsdf
2023-07-02 18:00:01 [http-nio-8082-exec-5] INFO  : user admin found with privileges [admin]
2023-07-02 18:00:01 [http-nio-8082-exec-5] INFO  : PostController::getPost : lorexn_dfsdf
2023-07-02 18:00:39 [http-nio-8082-exec-8] INFO  : user admin found with privileges [admin]
2023-07-02 18:01:06 [SpringApplicationShutdownHook] INFO  : Closing JPA EntityManagerFactory for persistence unit 'default'
2023-07-02 18:01:06 [SpringApplicationShutdownHook] INFO  : HikariPool-1 - Shutdown initiated...
2023-07-02 18:01:06 [SpringApplicationShutdownHook] INFO  : HikariPool-1 - Shutdown completed.
