2023-05-31 21:44:42 [restartedMain] INFO  : Starting ClientManagerApplication using Java 19.0.2 with PID 3315 (/home/hashicorp/javaguidance.com/spring_template_with_log_and_webpack/target/classes started by hashicorp in /home/hashicorp/javaguidance.com/spring_template_with_log_and_webpack)
2023-05-31 21:44:42 [restartedMain] INFO  : No active profile set, falling back to 1 default profile: "default"
2023-05-31 21:44:42 [restartedMain] INFO  : Devtools property defaults active! Set 'spring.devtools.add-properties' to 'false' to disable
2023-05-31 21:44:42 [restartedMain] INFO  : For additional web related logging consider setting the 'logging.level.web' property to 'DEBUG'
2023-05-31 21:44:44 [restartedMain] INFO  : Bootstrapping Spring Data JPA repositories in DEFAULT mode.
2023-05-31 21:44:44 [restartedMain] INFO  : Finished Spring Data repository scanning in 137 ms. Found 2 JPA repository interfaces.
2023-05-31 21:44:45 [restartedMain] INFO  : Tomcat initialized with port(s): 8082 (http)
2023-05-31 21:44:45 [restartedMain] INFO  : Initializing ProtocolHandler ["http-nio-8082"]
2023-05-31 21:44:45 [restartedMain] INFO  : Starting service [Tomcat]
2023-05-31 21:44:45 [restartedMain] INFO  : Starting Servlet engine: [Apache Tomcat/10.1.7]
2023-05-31 21:44:45 [restartedMain] INFO  : Initializing Spring embedded WebApplicationContext
2023-05-31 21:44:45 [restartedMain] INFO  : Root WebApplicationContext: initialization completed in 3498 ms
2023-05-31 21:44:46 [restartedMain] INFO  : HHH000204: Processing PersistenceUnitInfo [name: default]
2023-05-31 21:44:46 [restartedMain] INFO  : HHH000412: Hibernate ORM core version 6.1.7.Final
2023-05-31 21:44:46 [restartedMain] INFO  : HikariPool-1 - Starting...
2023-05-31 21:44:47 [restartedMain] INFO  : HikariPool-1 - Added connection com.mysql.cj.jdbc.ConnectionImpl@24ea1cb5
2023-05-31 21:44:47 [restartedMain] INFO  : HikariPool-1 - Start completed.
2023-05-31 21:44:47 [restartedMain] INFO  : HHH000400: Using dialect: org.hibernate.dialect.MySQLDialect
2023-05-31 21:44:48 [restartedMain] INFO  : HHH000490: Using JtaPlatform implementation: [org.hibernate.engine.transaction.jta.platform.internal.NoJtaPlatform]
2023-05-31 21:44:48 [restartedMain] INFO  : Initialized JPA EntityManagerFactory for persistence unit 'default'
2023-05-31 21:44:49 [restartedMain] WARN  : spring.jpa.open-in-view is enabled by default. Therefore, database queries may be performed during view rendering. Explicitly configure spring.jpa.open-in-view to disable this warning
2023-05-31 21:44:49 [restartedMain] INFO  : Will secure any request with [org.springframework.security.web.session.DisableEncodeUrlFilter@33e07b7d, org.springframework.security.web.context.request.async.WebAsyncManagerIntegrationFilter@22484e0b, org.springframework.security.web.context.SecurityContextHolderFilter@69dfd8d3, org.springframework.security.web.header.HeaderWriterFilter@7706cb40, org.springframework.web.filter.CorsFilter@36565f1f, org.springframework.security.web.csrf.CsrfFilter@21bae212, org.springframework.security.web.authentication.logout.LogoutFilter@4d8a29ea, org.springframework.security.web.authentication.www.BasicAuthenticationFilter@59690a00, org.springframework.security.web.savedrequest.RequestCacheAwareFilter@4fd7352c, org.springframework.security.web.servletapi.SecurityContextHolderAwareRequestFilter@3982c7e, org.springframework.security.web.authentication.AnonymousAuthenticationFilter@f5f50e7, org.springframework.security.web.access.ExceptionTranslationFilter@1cdb331a, org.springframework.security.web.access.intercept.AuthorizationFilter@75b6e019]
2023-05-31 21:44:51 [restartedMain] INFO  : LiveReload server is running on port 35729
2023-05-31 21:44:51 [restartedMain] INFO  : Starting ProtocolHandler ["http-nio-8082"]
2023-05-31 21:44:51 [restartedMain] INFO  : Tomcat started on port(s): 8082 (http) with context path ''
2023-05-31 21:44:51 [restartedMain] INFO  : Started ClientManagerApplication in 10.334 seconds (process running for 11.675)
2023-05-31 21:44:51 [restartedMain] INFO  : Application started
2023-05-31 21:46:27 [http-nio-8082-exec-1] INFO  : Initializing Spring DispatcherServlet 'dispatcherServlet'
2023-05-31 21:46:27 [http-nio-8082-exec-1] INFO  : Initializing Servlet 'dispatcherServlet'
2023-05-31 21:46:27 [http-nio-8082-exec-1] INFO  : Completed initialization in 6 ms
2023-05-31 21:46:30 [http-nio-8082-exec-2] INFO  : PostController::getPost : 1
2023-05-31 21:46:30 [http-nio-8082-exec-2] INFO  : PostController::getPost : --fetched data Post(id=1, data=data, users=[])
