2023-05-29 00:03:46 [restartedMain] INFO  : Starting ClientManagerApplication using Java 17.0.6 with PID 37451 (/home/hashicorp/javaguidance.com/spring_template_with_log_and_webpack/target/classes started by hashicorp in /home/hashicorp/javaguidance.com/spring_template_with_log_and_webpack)
2023-05-29 00:03:46 [restartedMain] INFO  : No active profile set, falling back to 1 default profile: "default"
2023-05-29 00:03:46 [restartedMain] INFO  : Devtools property defaults active! Set 'spring.devtools.add-properties' to 'false' to disable
2023-05-29 00:03:46 [restartedMain] INFO  : For additional web related logging consider setting the 'logging.level.web' property to 'DEBUG'
2023-05-29 00:03:47 [restartedMain] INFO  : Bootstrapping Spring Data JPA repositories in DEFAULT mode.
2023-05-29 00:03:47 [restartedMain] INFO  : Finished Spring Data repository scanning in 67 ms. Found 2 JPA repository interfaces.
2023-05-29 00:03:48 [restartedMain] INFO  : Tomcat initialized with port(s): 8082 (http)
2023-05-29 00:03:48 [restartedMain] INFO  : Initializing ProtocolHandler ["http-nio-8082"]
2023-05-29 00:03:48 [restartedMain] INFO  : Starting service [Tomcat]
2023-05-29 00:03:48 [restartedMain] INFO  : Starting Servlet engine: [Apache Tomcat/10.1.7]
2023-05-29 00:03:48 [restartedMain] INFO  : Initializing Spring embedded WebApplicationContext
2023-05-29 00:03:48 [restartedMain] INFO  : Root WebApplicationContext: initialization completed in 1769 ms
2023-05-29 00:03:48 [restartedMain] INFO  : HHH000204: Processing PersistenceUnitInfo [name: default]
2023-05-29 00:03:48 [restartedMain] INFO  : HHH000412: Hibernate ORM core version 6.1.7.Final
2023-05-29 00:03:49 [restartedMain] INFO  : HikariPool-1 - Starting...
2023-05-29 00:03:49 [restartedMain] INFO  : HikariPool-1 - Added connection com.mysql.cj.jdbc.ConnectionImpl@481e8ae3
2023-05-29 00:03:49 [restartedMain] INFO  : HikariPool-1 - Start completed.
2023-05-29 00:03:49 [restartedMain] INFO  : HHH000400: Using dialect: org.hibernate.dialect.MySQLDialect
2023-05-29 00:03:50 [restartedMain] INFO  : HHH000490: Using JtaPlatform implementation: [org.hibernate.engine.transaction.jta.platform.internal.NoJtaPlatform]
2023-05-29 00:03:50 [restartedMain] INFO  : Initialized JPA EntityManagerFactory for persistence unit 'default'
2023-05-29 00:03:51 [restartedMain] WARN  : spring.jpa.open-in-view is enabled by default. Therefore, database queries may be performed during view rendering. Explicitly configure spring.jpa.open-in-view to disable this warning
2023-05-29 00:03:51 [restartedMain] INFO  : Will secure any request with [org.springframework.security.web.session.DisableEncodeUrlFilter@1ef66f05, org.springframework.security.web.context.request.async.WebAsyncManagerIntegrationFilter@415f7d22, org.springframework.security.web.context.SecurityContextHolderFilter@988261c, org.springframework.security.web.header.HeaderWriterFilter@1217761f, org.springframework.security.web.csrf.CsrfFilter@3e0b0611, org.springframework.security.web.authentication.logout.LogoutFilter@78d18347, org.springframework.security.web.authentication.www.BasicAuthenticationFilter@2f4e171e, org.springframework.security.web.savedrequest.RequestCacheAwareFilter@316db3ee, org.springframework.security.web.servletapi.SecurityContextHolderAwareRequestFilter@6eadd2c2, org.springframework.security.web.authentication.AnonymousAuthenticationFilter@4bd278b1, org.springframework.security.web.access.ExceptionTranslationFilter@37bc4142, org.springframework.security.web.access.intercept.AuthorizationFilter@6421570b]
2023-05-29 00:03:53 [restartedMain] WARN  : Unable to start LiveReload server
2023-05-29 00:03:53 [restartedMain] INFO  : Starting ProtocolHandler ["http-nio-8082"]
2023-05-29 00:03:53 [restartedMain] INFO  : Tomcat started on port(s): 8082 (http) with context path ''
2023-05-29 00:03:53 [restartedMain] INFO  : Started ClientManagerApplication in 7.404 seconds (process running for 7.945)
2023-05-29 00:03:53 [restartedMain] INFO  : Application started
2023-05-29 00:04:18 [http-nio-8082-exec-2] INFO  : Initializing Spring DispatcherServlet 'dispatcherServlet'
2023-05-29 00:04:18 [http-nio-8082-exec-2] INFO  : Initializing Servlet 'dispatcherServlet'
2023-05-29 00:04:18 [http-nio-8082-exec-2] INFO  : Completed initialization in 1 ms
2023-05-29 00:12:11 [HikariPool-1 housekeeper] WARN  : HikariPool-1 - Thread starvation or clock leap detected (housekeeper delta=5m21s357ms744µs17ns).
2023-05-29 00:12:15 [SpringApplicationShutdownHook] INFO  : Closing JPA EntityManagerFactory for persistence unit 'default'
2023-05-29 00:12:15 [SpringApplicationShutdownHook] INFO  : HikariPool-1 - Shutdown initiated...
2023-05-29 00:12:16 [SpringApplicationShutdownHook] INFO  : HikariPool-1 - Shutdown completed.
